\BOOKMARK [1][-]{section.1}{Strumentazione}{}% 1
\BOOKMARK [1][-]{section.2}{Calibrazione Apparato sperimentale}{}% 2
\BOOKMARK [2][-]{subsection.2.1}{Discriminazione}{section.2}% 3
\BOOKMARK [2][-]{subsection.2.2}{Alimentazione}{section.2}% 4
\BOOKMARK [2][-]{subsection.2.3}{Coincidenze}{section.2}% 5
\BOOKMARK [3][-]{subsubsection.2.3.1}{Ricerca Plateau}{subsection.2.3}% 6
\BOOKMARK [3][-]{subsubsection.2.3.2}{Massimizzazione dell'efficienza}{subsection.2.3}% 7
\BOOKMARK [1][-]{section.3}{Velocit\340 della luce nella barra scintillante}{}% 8
\BOOKMARK [2][-]{subsection.3.1}{Cenni teorici}{section.3}% 9
\BOOKMARK [2][-]{subsection.3.2}{Misure}{section.3}% 10
\BOOKMARK [2][-]{subsection.3.3}{Analisi dati}{section.3}% 11
\BOOKMARK [1][-]{section.4}{Misura della distribuzione di V}{}% 12
\BOOKMARK [2][-]{subsection.4.1}{Cenni Teorici}{section.4}% 13
\BOOKMARK [2][-]{subsection.4.2}{Set-up}{section.4}% 14
\BOOKMARK [2][-]{subsection.4.3}{Calcoli}{section.4}% 15
\BOOKMARK [2][-]{subsection.4.4}{Misure}{section.4}% 16
\BOOKMARK [2][-]{subsection.4.5}{Eventi Ultrarelativistici e non}{section.4}% 17
\BOOKMARK [1][-]{section.5}{Attenuazione}{}% 18
\BOOKMARK [2][-]{subsection.5.1}{Dipendenza dalla posizione}{section.5}% 19
\BOOKMARK [2][-]{subsection.5.2}{Dipendenza dall'angolo}{section.5}% 20
\BOOKMARK [1][-]{section.6}{Altre distribuzioni}{}% 21
\BOOKMARK [1][-]{section.7}{Conclusioni}{}% 22
\BOOKMARK [2][-]{subsection.7.1}{Distribuzione di V}{section.7}% 23
\BOOKMARK [2][-]{subsection.7.2}{Particelle Relativistiche e non}{section.7}% 24
\BOOKMARK [2][-]{subsection.7.3}{Attenuazione}{section.7}% 25
\BOOKMARK [1][-]{appendix.Alph1}{Problemi affrontati}{}% 26
\BOOKMARK [2][-]{subsection.Alph1.1}{Lunghezza record Dati "ADC Record Lenght"}{appendix.Alph1}% 27
\BOOKMARK [2][-]{subsection.Alph1.2}{Ricerca dei minimi, Threshold}{appendix.Alph1}% 28
\BOOKMARK [2][-]{subsection.Alph1.3}{Miglioramenti e tentativi}{appendix.Alph1}% 29
\BOOKMARK [2][-]{subsection.Alph1.4}{Scelta}{appendix.Alph1}% 30
\BOOKMARK [1][-]{appendix.Alph2}{Repositorio}{}% 31
